<?xml version="1.0" encoding="UTF-8"?>
<!-- Generated by org.testng.reporters.JUnitXMLReporter -->
<testsuite hostname="DESKTOP-M5M51V1" failures="1" tests="5" name="Home Page Test" time="17.395" errors="0" timestamp="1 Aug 2021 16:49:59 GMT">
  <testcase classname="com.qa.openkart.tests.HomePageTest" name="HomePageVerification" time="0.078"/>
  <testcase classname="com.qa.openkart.tests.HomePageTest" name="itemsintheCart" time="0.112">
    <failure type="java.lang.AssertionError" message="expected [true] but found [false]">
      <![CDATA[java.lang.AssertionError: expected [true] but found [false]
	at com.qa.openkart.tests.HomePageTest.itemsintheCart(HomePageTest.java:36)
... Removed 28 stack frames]]>
    </failure>
  </testcase> <!-- itemsintheCart -->
  <testcase classname="com.qa.openkart.tests.HomePageTest" name="menuDataVerification" time="0.208"/>
  <testcase classname="com.qa.openkart.tests.HomePageTest" name="multipleItemsVerficaiton" time="0.162"/>
  <testcase classname="com.qa.openkart.tests.HomePageTest" name="searchMethodVerification" time="2.398"/>
</testsuite> <!-- Home Page Test -->
