<?xml version="1.0" encoding="UTF-8"?>
<!-- Generated by org.testng.reporters.JUnitXMLReporter -->
<testsuite hostname="DESKTOP-M5M51V1" failures="3" tests="3" name="Registration Page Test" time="60.388" errors="0" timestamp="1 Aug 2021 16:49:42 GMT">
  <testcase classname="com.qa.openkart.tests.RegistrationTest" name="verifyRegisteration" time="14.324">
    <failure type="org.openqa.selenium.TimeoutException" message="Expected condition failed: waiting for presence of element located by: By.linkText: Logout (tried for 10 second(s) with 500 milliseconds interval)">
      <![CDATA[org.openqa.selenium.TimeoutException: Expected condition failed: waiting for presence of element located by: By.linkText: Logout (tried for 10 second(s) with 500 milliseconds interval)
	at org.openqa.selenium.support.ui.WebDriverWait.timeoutException(WebDriverWait.java:113)
	at org.openqa.selenium.support.ui.FluentWait.until(FluentWait.java:283)
	at com.qa.openkart.utils.ElementUtil.waitForElementPresent(ElementUtil.java:186)
	at com.qa.openkart.utils.ElementUtil.doClick(ElementUtil.java:59)
	at com.qa.openkart.pages.RegesterationPage.registrationDataFillup(RegesterationPage.java:54)
	at com.qa.openkart.tests.RegistrationTest.verifyRegisteration(RegistrationTest.java:42)
Caused by: org.openqa.selenium.NoSuchElementException: Cannot locate an element using By.linkText: Logout
For documentation on this error, please visit: http://seleniumhq.org/exceptions/no_such_element.html
Build info: version: '3.14.0', revision: 'aacccce0', time: '2018-08-02T20:19:58.91Z'
System info: host: 'DESKTOP-M5M51V1', ip: '192.168.0.180', os.name: 'Windows 10', os.arch: 'amd64', os.version: '10.0', java.version: '16.0.1'
Driver info: driver.version: unknown
	at org.openqa.selenium.support.ui.ExpectedConditions.lambda$findElement$0(ExpectedConditions.java:896)
	at java.base/java.util.Optional.orElseThrow(Optional.java:403)
	at org.openqa.selenium.support.ui.ExpectedConditions.findElement(ExpectedConditions.java:895)
	at org.openqa.selenium.support.ui.ExpectedConditions.access$000(ExpectedConditions.java:44)
	at org.openqa.selenium.support.ui.ExpectedConditions$6.apply(ExpectedConditions.java:183)
	at org.openqa.selenium.support.ui.ExpectedConditions$6.apply(ExpectedConditions.java:180)
	at org.openqa.selenium.support.ui.FluentWait.until(FluentWait.java:260)
	... 28 more
... Removed 24 stack frames]]>
    </failure>
  </testcase> <!-- verifyRegisteration -->
  <testcase classname="com.qa.openkart.tests.RegistrationTest" name="verifyRegisteration" time="12.646">
    <failure type="org.openqa.selenium.TimeoutException" message="Expected condition failed: waiting for presence of element located by: By.linkText: Logout (tried for 10 second(s) with 500 milliseconds interval)">
      <![CDATA[org.openqa.selenium.TimeoutException: Expected condition failed: waiting for presence of element located by: By.linkText: Logout (tried for 10 second(s) with 500 milliseconds interval)
	at org.openqa.selenium.support.ui.WebDriverWait.timeoutException(WebDriverWait.java:113)
	at org.openqa.selenium.support.ui.FluentWait.until(FluentWait.java:283)
	at com.qa.openkart.utils.ElementUtil.waitForElementPresent(ElementUtil.java:186)
	at com.qa.openkart.utils.ElementUtil.doClick(ElementUtil.java:59)
	at com.qa.openkart.pages.RegesterationPage.registrationDataFillup(RegesterationPage.java:54)
	at com.qa.openkart.tests.RegistrationTest.verifyRegisteration(RegistrationTest.java:42)
Caused by: org.openqa.selenium.NoSuchElementException: Cannot locate an element using By.linkText: Logout
For documentation on this error, please visit: http://seleniumhq.org/exceptions/no_such_element.html
Build info: version: '3.14.0', revision: 'aacccce0', time: '2018-08-02T20:19:58.91Z'
System info: host: 'DESKTOP-M5M51V1', ip: '192.168.0.180', os.name: 'Windows 10', os.arch: 'amd64', os.version: '10.0', java.version: '16.0.1'
Driver info: driver.version: unknown
	at org.openqa.selenium.support.ui.ExpectedConditions.lambda$findElement$0(ExpectedConditions.java:896)
	at java.base/java.util.Optional.orElseThrow(Optional.java:403)
	at org.openqa.selenium.support.ui.ExpectedConditions.findElement(ExpectedConditions.java:895)
	at org.openqa.selenium.support.ui.ExpectedConditions.access$000(ExpectedConditions.java:44)
	at org.openqa.selenium.support.ui.ExpectedConditions$6.apply(ExpectedConditions.java:183)
	at org.openqa.selenium.support.ui.ExpectedConditions$6.apply(ExpectedConditions.java:180)
	at org.openqa.selenium.support.ui.FluentWait.until(FluentWait.java:260)
	... 28 more
... Removed 24 stack frames]]>
    </failure>
  </testcase> <!-- verifyRegisteration -->
  <testcase classname="com.qa.openkart.tests.RegistrationTest" name="verifyRegisteration" time="11.438">
    <failure type="org.openqa.selenium.TimeoutException" message="Expected condition failed: waiting for presence of element located by: By.linkText: Logout (tried for 10 second(s) with 500 milliseconds interval)">
      <![CDATA[org.openqa.selenium.TimeoutException: Expected condition failed: waiting for presence of element located by: By.linkText: Logout (tried for 10 second(s) with 500 milliseconds interval)
	at org.openqa.selenium.support.ui.WebDriverWait.timeoutException(WebDriverWait.java:113)
	at org.openqa.selenium.support.ui.FluentWait.until(FluentWait.java:283)
	at com.qa.openkart.utils.ElementUtil.waitForElementPresent(ElementUtil.java:186)
	at com.qa.openkart.utils.ElementUtil.doClick(ElementUtil.java:59)
	at com.qa.openkart.pages.RegesterationPage.registrationDataFillup(RegesterationPage.java:54)
	at com.qa.openkart.tests.RegistrationTest.verifyRegisteration(RegistrationTest.java:42)
Caused by: org.openqa.selenium.NoSuchElementException: Cannot locate an element using By.linkText: Logout
For documentation on this error, please visit: http://seleniumhq.org/exceptions/no_such_element.html
Build info: version: '3.14.0', revision: 'aacccce0', time: '2018-08-02T20:19:58.91Z'
System info: host: 'DESKTOP-M5M51V1', ip: '192.168.0.180', os.name: 'Windows 10', os.arch: 'amd64', os.version: '10.0', java.version: '16.0.1'
Driver info: driver.version: unknown
	at org.openqa.selenium.support.ui.ExpectedConditions.lambda$findElement$0(ExpectedConditions.java:896)
	at java.base/java.util.Optional.orElseThrow(Optional.java:403)
	at org.openqa.selenium.support.ui.ExpectedConditions.findElement(ExpectedConditions.java:895)
	at org.openqa.selenium.support.ui.ExpectedConditions.access$000(ExpectedConditions.java:44)
	at org.openqa.selenium.support.ui.ExpectedConditions$6.apply(ExpectedConditions.java:183)
	at org.openqa.selenium.support.ui.ExpectedConditions$6.apply(ExpectedConditions.java:180)
	at org.openqa.selenium.support.ui.FluentWait.until(FluentWait.java:260)
	... 28 more
... Removed 24 stack frames]]>
    </failure>
  </testcase> <!-- verifyRegisteration -->
</testsuite> <!-- Registration Page Test -->
