<!DOCTYPE html>

<html>
  <head>
  <title>TestNG reports</title>

    <link type="text/css" href="testng-reports.css" rel="stylesheet" />  
    <script type="text/javascript" src="jquery-1.7.1.min.js"></script>
    <script type="text/javascript" src="testng-reports.js"></script>
    <script type="text/javascript" src="https://www.google.com/jsapi"></script>
    <script type='text/javascript'>
      google.load('visualization', '1', {packages:['table']});
      google.setOnLoadCallback(drawTable);
      var suiteTableInitFunctions = new Array();
      var suiteTableData = new Array();
    </script>
    <!--
      <script type="text/javascript" src="jquery-ui/js/jquery-ui-1.8.16.custom.min.js"></script>
     -->
  </head>

  <body>
    <div class="top-banner-root">
      <span class="top-banner-title-font">Test results</span>
      <br/>
      <span class="top-banner-font-1">1 suite, 4 failed tests</span>
    </div> <!-- top-banner-root -->
    <div class="navigator-root">
      <div class="navigator-suite-header">
        <span>All suites</span>
        <a href="#" title="Collapse/expand all the suites" class="collapse-all-link">
          <img src="collapseall.gif" class="collapse-all-icon">
          </img> <!-- collapse-all-icon -->
        </a> <!-- collapse-all-link -->
      </div> <!-- navigator-suite-header -->
      <div class="suite">
        <div class="rounded-window">
          <div class="suite-header light-rounded-window-top">
            <a href="#" panel-name="suite-OPen_Kart_Test_Automation_Suite" class="navigator-link">
              <span class="suite-name border-failed">OPen Kart Test Automation Suite</span>
            </a> <!-- navigator-link -->
          </div> <!-- suite-header light-rounded-window-top -->
          <div class="navigator-suite-content">
            <div class="suite-section-title">
              <span>Info</span>
            </div> <!-- suite-section-title -->
            <div class="suite-section-content">
              <ul>
                <li>
                  <a href="#" panel-name="test-xml-OPen_Kart_Test_Automation_Suite" class="navigator-link ">
                    <span>C:\Users\sachi\git\OpenKartProject\OpenKartFrameWorkPorject\src\test\resources\TestNg_SAnity.xml</span>
                  </a> <!-- navigator-link  -->
                </li>
                <li>
                  <a href="#" panel-name="testlist-OPen_Kart_Test_Automation_Suite" class="navigator-link ">
                    <span class="test-stats">5 tests</span>
                  </a> <!-- navigator-link  -->
                </li>
                <li>
                  <a href="#" panel-name="group-OPen_Kart_Test_Automation_Suite" class="navigator-link ">
                    <span>0 groups</span>
                  </a> <!-- navigator-link  -->
                </li>
                <li>
                  <a href="#" panel-name="times-OPen_Kart_Test_Automation_Suite" class="navigator-link ">
                    <span>Times</span>
                  </a> <!-- navigator-link  -->
                </li>
                <li>
                  <a href="#" panel-name="reporter-OPen_Kart_Test_Automation_Suite" class="navigator-link ">
                    <span>Reporter output</span>
                  </a> <!-- navigator-link  -->
                </li>
                <li>
                  <a href="#" panel-name="ignored-methods-OPen_Kart_Test_Automation_Suite" class="navigator-link ">
                    <span>Ignored methods</span>
                  </a> <!-- navigator-link  -->
                </li>
                <li>
                  <a href="#" panel-name="chronological-OPen_Kart_Test_Automation_Suite" class="navigator-link ">
                    <span>Chronological view</span>
                  </a> <!-- navigator-link  -->
                </li>
              </ul>
            </div> <!-- suite-section-content -->
            <div class="result-section">
              <div class="suite-section-title">
                <span>Results</span>
              </div> <!-- suite-section-title -->
              <div class="suite-section-content">
                <ul>
                  <li>
                    <span class="method-stats">18 methods, 4 failed,   14 passed</span>
                  </li>
                  <li>
                    <span class="method-list-title failed">Failed methods</span>
                    <span class="show-or-hide-methods failed">
                      <a href="#" panel-name="suite-OPen_Kart_Test_Automation_Suite" class="hide-methods failed suite-OPen_Kart_Test_Automation_Suite"> (hide)</a> <!-- hide-methods failed suite-OPen_Kart_Test_Automation_Suite -->
                      <a href="#" panel-name="suite-OPen_Kart_Test_Automation_Suite" class="show-methods failed suite-OPen_Kart_Test_Automation_Suite"> (show)</a> <!-- show-methods failed suite-OPen_Kart_Test_Automation_Suite -->
                    </span>
                    <div class="method-list-content failed suite-OPen_Kart_Test_Automation_Suite">
                      <span>
                        <img src="failed.png" width="3%"/>
                        <a href="#" panel-name="suite-OPen_Kart_Test_Automation_Suite" title="com.qa.openkart.tests.HomePageTest" class="method navigator-link" hash-for-method="itemsintheCart">itemsintheCart</a> <!-- method navigator-link -->
                      </span>
                      <br/>
                      <span>
                        <img src="failed.png" width="3%"/>
                        <a href="#" panel-name="suite-OPen_Kart_Test_Automation_Suite" title="com.qa.openkart.tests.RegistrationTest" class="method navigator-link" hash-for-method="verifyRegisteration(SachinP, Psdft, dsfaf@dummy.com, 6.545666548E9, selenium#123, yes)">verifyRegisteration(SachinP, Psdft, dsfaf@dummy.com, 6.545666548E9, selenium#123, yes)</a> <!-- method navigator-link -->
                      </span>
                      <br/>
                      <span>
                        <img src="failed.png" width="3%"/>
                        <a href="#" panel-name="suite-OPen_Kart_Test_Automation_Suite" title="com.qa.openkart.tests.RegistrationTest" class="method navigator-link" hash-for-method="verifyRegisteration(Sachint, Pawart, sachinf@gamil.com, 6.545666548E9, selenium#123, yes)">verifyRegisteration(Sachint, Pawart, sachinf@gamil.com, 6.545666548E9, selenium#123, yes)</a> <!-- method navigator-link -->
                      </span>
                      <br/>
                      <span>
                        <img src="failed.png" width="3%"/>
                        <a href="#" panel-name="suite-OPen_Kart_Test_Automation_Suite" title="com.qa.openkart.tests.RegistrationTest" class="method navigator-link" hash-for-method="verifyRegisteration(SAchinJ, Patd, dsfaas@dummy.com, 6.545666548E9, selenium#123, yes)">verifyRegisteration(SAchinJ, Patd, dsfaas@dummy.com, 6.545666548E9, selenium#123, yes)</a> <!-- method navigator-link -->
                      </span>
                      <br/>
                    </div> <!-- method-list-content failed suite-OPen_Kart_Test_Automation_Suite -->
                  </li>
                  <li>
                    <span class="method-list-title passed">Passed methods</span>
                    <span class="show-or-hide-methods passed">
                      <a href="#" panel-name="suite-OPen_Kart_Test_Automation_Suite" class="hide-methods passed suite-OPen_Kart_Test_Automation_Suite"> (hide)</a> <!-- hide-methods passed suite-OPen_Kart_Test_Automation_Suite -->
                      <a href="#" panel-name="suite-OPen_Kart_Test_Automation_Suite" class="show-methods passed suite-OPen_Kart_Test_Automation_Suite"> (show)</a> <!-- show-methods passed suite-OPen_Kart_Test_Automation_Suite -->
                    </span>
                    <div class="method-list-content passed suite-OPen_Kart_Test_Automation_Suite">
                      <span>
                        <img src="passed.png" width="3%"/>
                        <a href="#" panel-name="suite-OPen_Kart_Test_Automation_Suite" title="com.qa.openkart.tests.HomePageTest" class="method navigator-link" hash-for-method="HomePageVerification">HomePageVerification</a> <!-- method navigator-link -->
                      </span>
                      <br/>
                      <span>
                        <img src="passed.png" width="3%"/>
                        <a href="#" panel-name="suite-OPen_Kart_Test_Automation_Suite" title="com.qa.openkart.tests.LoginPageTest" class="method navigator-link" hash-for-method="forgotpassButtonVerify">forgotpassButtonVerify</a> <!-- method navigator-link -->
                      </span>
                      <br/>
                      <span>
                        <img src="passed.png" width="3%"/>
                        <a href="#" panel-name="suite-OPen_Kart_Test_Automation_Suite" title="com.qa.openkart.tests.LoginPageTest" class="method navigator-link" hash-for-method="loginpageTitleVerify">loginpageTitleVerify</a> <!-- method navigator-link -->
                      </span>
                      <br/>
                      <span>
                        <img src="passed.png" width="3%"/>
                        <a href="#" panel-name="suite-OPen_Kart_Test_Automation_Suite" title="com.qa.openkart.tests.HomePageTest" class="method navigator-link" hash-for-method="menuDataVerification">menuDataVerification</a> <!-- method navigator-link -->
                      </span>
                      <br/>
                      <span>
                        <img src="passed.png" width="3%"/>
                        <a href="#" panel-name="suite-OPen_Kart_Test_Automation_Suite" title="com.qa.openkart.tests.HomePageTest" class="method navigator-link" hash-for-method="multipleItemsVerficaiton">multipleItemsVerficaiton</a> <!-- method navigator-link -->
                      </span>
                      <br/>
                      <span>
                        <img src="passed.png" width="3%"/>
                        <a href="#" panel-name="suite-OPen_Kart_Test_Automation_Suite" title="com.qa.openkart.tests.HomePageTest" class="method navigator-link" hash-for-method="searchMethodVerification">searchMethodVerification</a> <!-- method navigator-link -->
                      </span>
                      <br/>
                      <span>
                        <img src="passed.png" width="3%"/>
                        <a href="#" panel-name="suite-OPen_Kart_Test_Automation_Suite" title="com.qa.openkart.tests.ProductInfoTest" class="method navigator-link" hash-for-method="verifyAddToCart">verifyAddToCart</a> <!-- method navigator-link -->
                      </span>
                      <br/>
                      <span>
                        <img src="passed.png" width="3%"/>
                        <a href="#" panel-name="suite-OPen_Kart_Test_Automation_Suite" title="com.qa.openkart.tests.CartTest" class="method navigator-link" hash-for-method="verifyCartItemsNames">verifyCartItemsNames</a> <!-- method navigator-link -->
                      </span>
                      <br/>
                      <span>
                        <img src="passed.png" width="3%"/>
                        <a href="#" panel-name="suite-OPen_Kart_Test_Automation_Suite" title="com.qa.openkart.tests.CartTest" class="method navigator-link" hash-for-method="verifyCartProductData">verifyCartProductData</a> <!-- method navigator-link -->
                      </span>
                      <br/>
                      <span>
                        <img src="passed.png" width="3%"/>
                        <a href="#" panel-name="suite-OPen_Kart_Test_Automation_Suite" title="com.qa.openkart.tests.CartTest" class="method navigator-link" hash-for-method="verifyCuponCode">verifyCuponCode</a> <!-- method navigator-link -->
                      </span>
                      <br/>
                      <span>
                        <img src="passed.png" width="3%"/>
                        <a href="#" panel-name="suite-OPen_Kart_Test_Automation_Suite" title="com.qa.openkart.tests.CartTest" class="method navigator-link" hash-for-method="verifyEstimateTaxes">verifyEstimateTaxes</a> <!-- method navigator-link -->
                      </span>
                      <br/>
                      <span>
                        <img src="passed.png" width="3%"/>
                        <a href="#" panel-name="suite-OPen_Kart_Test_Automation_Suite" title="com.qa.openkart.tests.CartTest" class="method navigator-link" hash-for-method="verifyGiftCertificate">verifyGiftCertificate</a> <!-- method navigator-link -->
                      </span>
                      <br/>
                      <span>
                        <img src="passed.png" width="3%"/>
                        <a href="#" panel-name="suite-OPen_Kart_Test_Automation_Suite" title="com.qa.openkart.tests.CartTest" class="method navigator-link" hash-for-method="verifyItemsinCart">verifyItemsinCart</a> <!-- method navigator-link -->
                      </span>
                      <br/>
                      <span>
                        <img src="passed.png" width="3%"/>
                        <a href="#" panel-name="suite-OPen_Kart_Test_Automation_Suite" title="com.qa.openkart.tests.ProductInfoTest" class="method navigator-link" hash-for-method="verifyProductInfoTest">verifyProductInfoTest</a> <!-- method navigator-link -->
                      </span>
                      <br/>
                    </div> <!-- method-list-content passed suite-OPen_Kart_Test_Automation_Suite -->
                  </li>
                </ul>
              </div> <!-- suite-section-content -->
            </div> <!-- result-section -->
          </div> <!-- navigator-suite-content -->
        </div> <!-- rounded-window -->
      </div> <!-- suite -->
    </div> <!-- navigator-root -->
    <div class="wrapper">
      <div class="main-panel-root">
        <div panel-name="suite-OPen_Kart_Test_Automation_Suite" class="panel OPen_Kart_Test_Automation_Suite">
          <div class="suite-OPen_Kart_Test_Automation_Suite-class-failed">
            <div class="main-panel-header rounded-window-top">
              <img src="failed.png"/>
              <span class="class-name">com.qa.openkart.tests.HomePageTest</span>
            </div> <!-- main-panel-header rounded-window-top -->
            <div class="main-panel-content rounded-window-bottom">
              <div class="method">
                <div class="method-content">
                  <a name="itemsintheCart">
                  </a> <!-- itemsintheCart -->
                  <span class="method-name">itemsintheCart</span>
                  <div class="stack-trace"><b>"java.lang.AssertionError: expected [true] but found [false]
	at com.qa.openkart.tests.HomePageTest.itemsintheCart(HomePageTest.java:36)
... Removed 28 stack frames<br/> java.lang.AssertionError: expected [true] but found [false]
	at org.testng.Assert.fail(Assert.java:94)
	at org.testng.Assert.failNotEquals(Assert.java:494)
	at org.testng.Assert.assertTrue(Assert.java:42)
	at org.testng.Assert.assertTrue(Assert.java:52)
	at com.qa.openkart.tests.HomePageTest.itemsintheCart(HomePageTest.java:36)
	at java.base/jdk.internal.reflect.NativeMethodAccessorImpl.invoke0(Native Method)
	at java.base/jdk.internal.reflect.NativeMethodAccessorImpl.invoke(NativeMethodAccessorImpl.java:78)
	at java.base/jdk.internal.reflect.DelegatingMethodAccessorImpl.invoke(DelegatingMethodAccessorImpl.java:43)
	at java.base/java.lang.reflect.Method.invoke(Method.java:567)
	at org.testng.internal.MethodInvocationHelper.invokeMethod(MethodInvocationHelper.java:80)
	at org.testng.internal.Invoker.invokeMethod(Invoker.java:714)
	at org.testng.internal.Invoker.invokeTestMethod(Invoker.java:901)
	at org.testng.internal.Invoker.invokeTestMethods(Invoker.java:1231)
	at org.testng.internal.TestMethodWorker.invokeTestMethods(TestMethodWorker.java:127)
	at org.testng.internal.TestMethodWorker.run(TestMethodWorker.java:111)
	at org.testng.TestRunner.privateRun(TestRunner.java:767)
	at org.testng.TestRunner.run(TestRunner.java:617)
	at org.testng.SuiteRunner.runTest(SuiteRunner.java:334)
	at org.testng.SuiteRunner.runSequentially(SuiteRunner.java:329)
	at org.testng.SuiteRunner.privateRun(SuiteRunner.java:291)
	at org.testng.SuiteRunner.run(SuiteRunner.java:240)
	at org.testng.SuiteRunnerWorker.runSuite(SuiteRunnerWorker.java:52)
	at org.testng.SuiteRunnerWorker.run(SuiteRunnerWorker.java:86)
	at org.testng.TestNG.runSuitesSequentially(TestNG.java:1198)
	at org.testng.TestNG.runSuitesLocally(TestNG.java:1123)
	at org.testng.TestNG.run(TestNG.java:1031)
	at org.testng.remote.AbstractRemoteTestNG.run(AbstractRemoteTestNG.java:115)
	at org.testng.remote.RemoteTestNG.initAndRun(RemoteTestNG.java:251)
	at org.testng.remote.RemoteTestNG.main(RemoteTestNG.java:77)
"</b><br>org.testng.Assert.fail(Assert.java:94)<br>org.testng.Assert.failNotEquals(Assert.java:494)<br>org.testng.Assert.assertTrue(Assert.java:42)<br>org.testng.Assert.assertTrue(Assert.java:52)<br>com.qa.openkart.tests.HomePageTest.itemsintheCart(HomePageTest.java:36)<br>java.base/jdk.internal.reflect.NativeMethodAccessorImpl.invoke0(Native Method)<br>java.base/jdk.internal.reflect.NativeMethodAccessorImpl.invoke(NativeMethodAccessorImpl.java:78)<br>java.base/jdk.internal.reflect.DelegatingMethodAccessorImpl.invoke(DelegatingMethodAccessorImpl.java:43)<br>java.base/java.lang.reflect.Method.invoke(Method.java:567)<br>org.testng.internal.MethodInvocationHelper.invokeMethod(MethodInvocationHelper.java:80)<br>org.testng.internal.Invoker.invokeMethod(Invoker.java:714)<br>org.testng.internal.Invoker.invokeTestMethod(Invoker.java:901)<br>org.testng.internal.Invoker.invokeTestMethods(Invoker.java:1231)<br>org.testng.internal.TestMethodWorker.invokeTestMethods(TestMethodWorker.java:127)<br>org.testng.internal.TestMethodWorker.run(TestMethodWorker.java:111)<br>org.testng.TestRunner.privateRun(TestRunner.java:767)<br>org.testng.TestRunner.run(TestRunner.java:617)<br>org.testng.SuiteRunner.runTest(SuiteRunner.java:334)<br>org.testng.SuiteRunner.runSequentially(SuiteRunner.java:329)<br>org.testng.SuiteRunner.privateRun(SuiteRunner.java:291)<br>org.testng.SuiteRunner.run(SuiteRunner.java:240)<br>org.testng.SuiteRunnerWorker.runSuite(SuiteRunnerWorker.java:52)<br>org.testng.SuiteRunnerWorker.run(SuiteRunnerWorker.java:86)<br>org.testng.TestNG.runSuitesSequentially(TestNG.java:1198)<br>org.testng.TestNG.runSuitesLocally(TestNG.java:1123)<br>org.testng.TestNG.run(TestNG.java:1031)<br>org.testng.remote.AbstractRemoteTestNG.run(AbstractRemoteTestNG.java:115)<br>org.testng.remote.RemoteTestNG.initAndRun(RemoteTestNG.java:251)<br>org.testng.remote.RemoteTestNG.main(RemoteTestNG.java:77)<br>
</div> <!-- stack-trace -->
                </div> <!-- method-content -->
              </div> <!-- method -->
            </div> <!-- main-panel-content rounded-window-bottom -->
          </div> <!-- suite-OPen_Kart_Test_Automation_Suite-class-failed -->
          <div class="suite-OPen_Kart_Test_Automation_Suite-class-failed">
            <div class="main-panel-header rounded-window-top">
              <img src="failed.png"/>
              <span class="class-name">com.qa.openkart.tests.RegistrationTest</span>
            </div> <!-- main-panel-header rounded-window-top -->
            <div class="main-panel-content rounded-window-bottom">
              <div class="method">
                <div class="method-content">
                  <a name="verifyRegisteration(SachinP, Psdft, dsfaf@dummy.com, 6.545666548E9, selenium#123, yes)">
                  </a> <!-- verifyRegisteration(SachinP, Psdft, dsfaf@dummy.com, 6.545666548E9, selenium#123, yes) -->
                  <span class="method-name">verifyRegisteration</span>
                  <span class="parameters">(SachinP, Psdft, dsfaf@dummy.com, 6.545666548E9, selenium#123, yes)</span>
                  <div class="stack-trace"><b>"org.openqa.selenium.TimeoutException: Expected condition failed: waiting for presence of element located by: By.linkText: Logout (tried for 10 second(s) with 500 milliseconds interval)
	at org.openqa.selenium.support.ui.WebDriverWait.timeoutException(WebDriverWait.java:113)
	at org.openqa.selenium.support.ui.FluentWait.until(FluentWait.java:283)
	at com.qa.openkart.utils.ElementUtil.waitForElementPresent(ElementUtil.java:186)
	at com.qa.openkart.utils.ElementUtil.doClick(ElementUtil.java:59)
	at com.qa.openkart.pages.RegesterationPage.registrationDataFillup(RegesterationPage.java:54)
	at com.qa.openkart.tests.RegistrationTest.verifyRegisteration(RegistrationTest.java:42)
Caused by: org.openqa.selenium.NoSuchElementException: Cannot locate an element using By.linkText: Logout
For documentation on this error, please visit: http://seleniumhq.org/exceptions/no_such_element.html
Build info: version: &apos;3.14.0&apos;, revision: &apos;aacccce0&apos;, time: &apos;2018-08-02T20:19:58.91Z&apos;
System info: host: &apos;DESKTOP-M5M51V1&apos;, ip: &apos;192.168.0.180&apos;, os.name: &apos;Windows 10&apos;, os.arch: &apos;amd64&apos;, os.version: &apos;10.0&apos;, java.version: &apos;16.0.1&apos;
Driver info: driver.version: unknown
	at org.openqa.selenium.support.ui.ExpectedConditions.lambda$findElement$0(ExpectedConditions.java:896)
	at java.base/java.util.Optional.orElseThrow(Optional.java:403)
	at org.openqa.selenium.support.ui.ExpectedConditions.findElement(ExpectedConditions.java:895)
	at org.openqa.selenium.support.ui.ExpectedConditions.access$000(ExpectedConditions.java:44)
	at org.openqa.selenium.support.ui.ExpectedConditions$6.apply(ExpectedConditions.java:183)
	at org.openqa.selenium.support.ui.ExpectedConditions$6.apply(ExpectedConditions.java:180)
	at org.openqa.selenium.support.ui.FluentWait.until(FluentWait.java:260)
	... 28 more
... Removed 24 stack frames<br/> org.openqa.selenium.TimeoutException: Expected condition failed: waiting for presence of element located by: By.linkText: Logout (tried for 10 second(s) with 500 milliseconds interval)
	at org.openqa.selenium.support.ui.WebDriverWait.timeoutException(WebDriverWait.java:113)
	at org.openqa.selenium.support.ui.FluentWait.until(FluentWait.java:283)
	at com.qa.openkart.utils.ElementUtil.waitForElementPresent(ElementUtil.java:186)
	at com.qa.openkart.utils.ElementUtil.doClick(ElementUtil.java:59)
	at com.qa.openkart.pages.RegesterationPage.registrationDataFillup(RegesterationPage.java:54)
	at com.qa.openkart.tests.RegistrationTest.verifyRegisteration(RegistrationTest.java:42)
	at java.base/jdk.internal.reflect.NativeMethodAccessorImpl.invoke0(Native Method)
	at java.base/jdk.internal.reflect.NativeMethodAccessorImpl.invoke(NativeMethodAccessorImpl.java:78)
	at java.base/jdk.internal.reflect.DelegatingMethodAccessorImpl.invoke(DelegatingMethodAccessorImpl.java:43)
	at java.base/java.lang.reflect.Method.invoke(Method.java:567)
	at org.testng.internal.MethodInvocationHelper.invokeMethod(MethodInvocationHelper.java:80)
	at org.testng.internal.Invoker.invokeMethod(Invoker.java:714)
	at org.testng.internal.Invoker.invokeTestMethod(Invoker.java:901)
	at org.testng.internal.Invoker.invokeTestMethods(Invoker.java:1231)
	at org.testng.internal.TestMethodWorker.invokeTestMethods(TestMethodWorker.java:127)
	at org.testng.internal.TestMethodWorker.run(TestMethodWorker.java:111)
	at org.testng.TestRunner.privateRun(TestRunner.java:767)
	at org.testng.TestRunner.run(TestRunner.java:617)
	at org.testng.SuiteRunner.runTest(SuiteRunner.java:334)
	at org.testng.SuiteRunner.runSequentially(SuiteRunner.java:329)
	at org.testng.SuiteRunner.privateRun(SuiteRunner.java:291)
	at org.testng.SuiteRunner.run(SuiteRunner.java:240)
	at org.testng.SuiteRunnerWorker.runSuite(SuiteRunnerWorker.java:52)
	at org.testng.SuiteRunnerWorker.run(SuiteRunnerWorker.java:86)
	at org.testng.TestNG.runSuitesSequentially(TestNG.java:1198)
	at org.testng.TestNG.runSuitesLocally(TestNG.java:1123)
	at org.testng.TestNG.run(TestNG.java:1031)
	at org.testng.remote.AbstractRemoteTestNG.run(AbstractRemoteTestNG.java:115)
	at org.testng.remote.RemoteTestNG.initAndRun(RemoteTestNG.java:251)
	at org.testng.remote.RemoteTestNG.main(RemoteTestNG.java:77)
Caused by: org.openqa.selenium.NoSuchElementException: Cannot locate an element using By.linkText: Logout
For documentation on this error, please visit: http://seleniumhq.org/exceptions/no_such_element.html
Build info: version: &apos;3.14.0&apos;, revision: &apos;aacccce0&apos;, time: &apos;2018-08-02T20:19:58.91Z&apos;
System info: host: &apos;DESKTOP-M5M51V1&apos;, ip: &apos;192.168.0.180&apos;, os.name: &apos;Windows 10&apos;, os.arch: &apos;amd64&apos;, os.version: &apos;10.0&apos;, java.version: &apos;16.0.1&apos;
Driver info: driver.version: unknown
	at org.openqa.selenium.support.ui.ExpectedConditions.lambda$findElement$0(ExpectedConditions.java:896)
	at java.base/java.util.Optional.orElseThrow(Optional.java:403)
	at org.openqa.selenium.support.ui.ExpectedConditions.findElement(ExpectedConditions.java:895)
	at org.openqa.selenium.support.ui.ExpectedConditions.access$000(ExpectedConditions.java:44)
	at org.openqa.selenium.support.ui.ExpectedConditions$6.apply(ExpectedConditions.java:183)
	at org.openqa.selenium.support.ui.ExpectedConditions$6.apply(ExpectedConditions.java:180)
	at org.openqa.selenium.support.ui.FluentWait.until(FluentWait.java:260)
	... 28 more
"</b><br>org.openqa.selenium.support.ui.WebDriverWait.timeoutException(WebDriverWait.java:113)<br>org.openqa.selenium.support.ui.FluentWait.until(FluentWait.java:283)<br>com.qa.openkart.utils.ElementUtil.waitForElementPresent(ElementUtil.java:186)<br>com.qa.openkart.utils.ElementUtil.doClick(ElementUtil.java:59)<br>com.qa.openkart.pages.RegesterationPage.registrationDataFillup(RegesterationPage.java:54)<br>com.qa.openkart.tests.RegistrationTest.verifyRegisteration(RegistrationTest.java:42)<br>java.base/jdk.internal.reflect.NativeMethodAccessorImpl.invoke0(Native Method)<br>java.base/jdk.internal.reflect.NativeMethodAccessorImpl.invoke(NativeMethodAccessorImpl.java:78)<br>java.base/jdk.internal.reflect.DelegatingMethodAccessorImpl.invoke(DelegatingMethodAccessorImpl.java:43)<br>java.base/java.lang.reflect.Method.invoke(Method.java:567)<br>org.testng.internal.MethodInvocationHelper.invokeMethod(MethodInvocationHelper.java:80)<br>org.testng.internal.Invoker.invokeMethod(Invoker.java:714)<br>org.testng.internal.Invoker.invokeTestMethod(Invoker.java:901)<br>org.testng.internal.Invoker.invokeTestMethods(Invoker.java:1231)<br>org.testng.internal.TestMethodWorker.invokeTestMethods(TestMethodWorker.java:127)<br>org.testng.internal.TestMethodWorker.run(TestMethodWorker.java:111)<br>org.testng.TestRunner.privateRun(TestRunner.java:767)<br>org.testng.TestRunner.run(TestRunner.java:617)<br>org.testng.SuiteRunner.runTest(SuiteRunner.java:334)<br>org.testng.SuiteRunner.runSequentially(SuiteRunner.java:329)<br>org.testng.SuiteRunner.privateRun(SuiteRunner.java:291)<br>org.testng.SuiteRunner.run(SuiteRunner.java:240)<br>org.testng.SuiteRunnerWorker.runSuite(SuiteRunnerWorker.java:52)<br>org.testng.SuiteRunnerWorker.run(SuiteRunnerWorker.java:86)<br>org.testng.TestNG.runSuitesSequentially(TestNG.java:1198)<br>org.testng.TestNG.runSuitesLocally(TestNG.java:1123)<br>org.testng.TestNG.run(TestNG.java:1031)<br>org.testng.remote.AbstractRemoteTestNG.run(AbstractRemoteTestNG.java:115)<br>org.testng.remote.RemoteTestNG.initAndRun(RemoteTestNG.java:251)<br>org.testng.remote.RemoteTestNG.main(RemoteTestNG.java:77)<br>
</div> <!-- stack-trace -->
                </div> <!-- method-content -->
              </div> <!-- method -->
              <div class="method">
                <div class="method-content">
                  <a name="verifyRegisteration(Sachint, Pawart, sachinf@gamil.com, 6.545666548E9, selenium#123, yes)">
                  </a> <!-- verifyRegisteration(Sachint, Pawart, sachinf@gamil.com, 6.545666548E9, selenium#123, yes) -->
                  <span class="method-name">verifyRegisteration</span>
                  <span class="parameters">(Sachint, Pawart, sachinf@gamil.com, 6.545666548E9, selenium#123, yes)</span>
                  <div class="stack-trace"><b>"org.openqa.selenium.TimeoutException: Expected condition failed: waiting for presence of element located by: By.linkText: Logout (tried for 10 second(s) with 500 milliseconds interval)
	at org.openqa.selenium.support.ui.WebDriverWait.timeoutException(WebDriverWait.java:113)
	at org.openqa.selenium.support.ui.FluentWait.until(FluentWait.java:283)
	at com.qa.openkart.utils.ElementUtil.waitForElementPresent(ElementUtil.java:186)
	at com.qa.openkart.utils.ElementUtil.doClick(ElementUtil.java:59)
	at com.qa.openkart.pages.RegesterationPage.registrationDataFillup(RegesterationPage.java:54)
	at com.qa.openkart.tests.RegistrationTest.verifyRegisteration(RegistrationTest.java:42)
Caused by: org.openqa.selenium.NoSuchElementException: Cannot locate an element using By.linkText: Logout
For documentation on this error, please visit: http://seleniumhq.org/exceptions/no_such_element.html
Build info: version: &apos;3.14.0&apos;, revision: &apos;aacccce0&apos;, time: &apos;2018-08-02T20:19:58.91Z&apos;
System info: host: &apos;DESKTOP-M5M51V1&apos;, ip: &apos;192.168.0.180&apos;, os.name: &apos;Windows 10&apos;, os.arch: &apos;amd64&apos;, os.version: &apos;10.0&apos;, java.version: &apos;16.0.1&apos;
Driver info: driver.version: unknown
	at org.openqa.selenium.support.ui.ExpectedConditions.lambda$findElement$0(ExpectedConditions.java:896)
	at java.base/java.util.Optional.orElseThrow(Optional.java:403)
	at org.openqa.selenium.support.ui.ExpectedConditions.findElement(ExpectedConditions.java:895)
	at org.openqa.selenium.support.ui.ExpectedConditions.access$000(ExpectedConditions.java:44)
	at org.openqa.selenium.support.ui.ExpectedConditions$6.apply(ExpectedConditions.java:183)
	at org.openqa.selenium.support.ui.ExpectedConditions$6.apply(ExpectedConditions.java:180)
	at org.openqa.selenium.support.ui.FluentWait.until(FluentWait.java:260)
	... 28 more
... Removed 24 stack frames<br/> org.openqa.selenium.TimeoutException: Expected condition failed: waiting for presence of element located by: By.linkText: Logout (tried for 10 second(s) with 500 milliseconds interval)
	at org.openqa.selenium.support.ui.WebDriverWait.timeoutException(WebDriverWait.java:113)
	at org.openqa.selenium.support.ui.FluentWait.until(FluentWait.java:283)
	at com.qa.openkart.utils.ElementUtil.waitForElementPresent(ElementUtil.java:186)
	at com.qa.openkart.utils.ElementUtil.doClick(ElementUtil.java:59)
	at com.qa.openkart.pages.RegesterationPage.registrationDataFillup(RegesterationPage.java:54)
	at com.qa.openkart.tests.RegistrationTest.verifyRegisteration(RegistrationTest.java:42)
	at java.base/jdk.internal.reflect.NativeMethodAccessorImpl.invoke0(Native Method)
	at java.base/jdk.internal.reflect.NativeMethodAccessorImpl.invoke(NativeMethodAccessorImpl.java:78)
	at java.base/jdk.internal.reflect.DelegatingMethodAccessorImpl.invoke(DelegatingMethodAccessorImpl.java:43)
	at java.base/java.lang.reflect.Method.invoke(Method.java:567)
	at org.testng.internal.MethodInvocationHelper.invokeMethod(MethodInvocationHelper.java:80)
	at org.testng.internal.Invoker.invokeMethod(Invoker.java:714)
	at org.testng.internal.Invoker.invokeTestMethod(Invoker.java:901)
	at org.testng.internal.Invoker.invokeTestMethods(Invoker.java:1231)
	at org.testng.internal.TestMethodWorker.invokeTestMethods(TestMethodWorker.java:127)
	at org.testng.internal.TestMethodWorker.run(TestMethodWorker.java:111)
	at org.testng.TestRunner.privateRun(TestRunner.java:767)
	at org.testng.TestRunner.run(TestRunner.java:617)
	at org.testng.SuiteRunner.runTest(SuiteRunner.java:334)
	at org.testng.SuiteRunner.runSequentially(SuiteRunner.java:329)
	at org.testng.SuiteRunner.privateRun(SuiteRunner.java:291)
	at org.testng.SuiteRunner.run(SuiteRunner.java:240)
	at org.testng.SuiteRunnerWorker.runSuite(SuiteRunnerWorker.java:52)
	at org.testng.SuiteRunnerWorker.run(SuiteRunnerWorker.java:86)
	at org.testng.TestNG.runSuitesSequentially(TestNG.java:1198)
	at org.testng.TestNG.runSuitesLocally(TestNG.java:1123)
	at org.testng.TestNG.run(TestNG.java:1031)
	at org.testng.remote.AbstractRemoteTestNG.run(AbstractRemoteTestNG.java:115)
	at org.testng.remote.RemoteTestNG.initAndRun(RemoteTestNG.java:251)
	at org.testng.remote.RemoteTestNG.main(RemoteTestNG.java:77)
Caused by: org.openqa.selenium.NoSuchElementException: Cannot locate an element using By.linkText: Logout
For documentation on this error, please visit: http://seleniumhq.org/exceptions/no_such_element.html
Build info: version: &apos;3.14.0&apos;, revision: &apos;aacccce0&apos;, time: &apos;2018-08-02T20:19:58.91Z&apos;
System info: host: &apos;DESKTOP-M5M51V1&apos;, ip: &apos;192.168.0.180&apos;, os.name: &apos;Windows 10&apos;, os.arch: &apos;amd64&apos;, os.version: &apos;10.0&apos;, java.version: &apos;16.0.1&apos;
Driver info: driver.version: unknown
	at org.openqa.selenium.support.ui.ExpectedConditions.lambda$findElement$0(ExpectedConditions.java:896)
	at java.base/java.util.Optional.orElseThrow(Optional.java:403)
	at org.openqa.selenium.support.ui.ExpectedConditions.findElement(ExpectedConditions.java:895)
	at org.openqa.selenium.support.ui.ExpectedConditions.access$000(ExpectedConditions.java:44)
	at org.openqa.selenium.support.ui.ExpectedConditions$6.apply(ExpectedConditions.java:183)
	at org.openqa.selenium.support.ui.ExpectedConditions$6.apply(ExpectedConditions.java:180)
	at org.openqa.selenium.support.ui.FluentWait.until(FluentWait.java:260)
	... 28 more
"</b><br>org.openqa.selenium.support.ui.WebDriverWait.timeoutException(WebDriverWait.java:113)<br>org.openqa.selenium.support.ui.FluentWait.until(FluentWait.java:283)<br>com.qa.openkart.utils.ElementUtil.waitForElementPresent(ElementUtil.java:186)<br>com.qa.openkart.utils.ElementUtil.doClick(ElementUtil.java:59)<br>com.qa.openkart.pages.RegesterationPage.registrationDataFillup(RegesterationPage.java:54)<br>com.qa.openkart.tests.RegistrationTest.verifyRegisteration(RegistrationTest.java:42)<br>java.base/jdk.internal.reflect.NativeMethodAccessorImpl.invoke0(Native Method)<br>java.base/jdk.internal.reflect.NativeMethodAccessorImpl.invoke(NativeMethodAccessorImpl.java:78)<br>java.base/jdk.internal.reflect.DelegatingMethodAccessorImpl.invoke(DelegatingMethodAccessorImpl.java:43)<br>java.base/java.lang.reflect.Method.invoke(Method.java:567)<br>org.testng.internal.MethodInvocationHelper.invokeMethod(MethodInvocationHelper.java:80)<br>org.testng.internal.Invoker.invokeMethod(Invoker.java:714)<br>org.testng.internal.Invoker.invokeTestMethod(Invoker.java:901)<br>org.testng.internal.Invoker.invokeTestMethods(Invoker.java:1231)<br>org.testng.internal.TestMethodWorker.invokeTestMethods(TestMethodWorker.java:127)<br>org.testng.internal.TestMethodWorker.run(TestMethodWorker.java:111)<br>org.testng.TestRunner.privateRun(TestRunner.java:767)<br>org.testng.TestRunner.run(TestRunner.java:617)<br>org.testng.SuiteRunner.runTest(SuiteRunner.java:334)<br>org.testng.SuiteRunner.runSequentially(SuiteRunner.java:329)<br>org.testng.SuiteRunner.privateRun(SuiteRunner.java:291)<br>org.testng.SuiteRunner.run(SuiteRunner.java:240)<br>org.testng.SuiteRunnerWorker.runSuite(SuiteRunnerWorker.java:52)<br>org.testng.SuiteRunnerWorker.run(SuiteRunnerWorker.java:86)<br>org.testng.TestNG.runSuitesSequentially(TestNG.java:1198)<br>org.testng.TestNG.runSuitesLocally(TestNG.java:1123)<br>org.testng.TestNG.run(TestNG.java:1031)<br>org.testng.remote.AbstractRemoteTestNG.run(AbstractRemoteTestNG.java:115)<br>org.testng.remote.RemoteTestNG.initAndRun(RemoteTestNG.java:251)<br>org.testng.remote.RemoteTestNG.main(RemoteTestNG.java:77)<br>
</div> <!-- stack-trace -->
                </div> <!-- method-content -->
              </div> <!-- method -->
              <div class="method">
                <div class="method-content">
                  <a name="verifyRegisteration(SAchinJ, Patd, dsfaas@dummy.com, 6.545666548E9, selenium#123, yes)">
                  </a> <!-- verifyRegisteration(SAchinJ, Patd, dsfaas@dummy.com, 6.545666548E9, selenium#123, yes) -->
                  <span class="method-name">verifyRegisteration</span>
                  <span class="parameters">(SAchinJ, Patd, dsfaas@dummy.com, 6.545666548E9, selenium#123, yes)</span>
                  <div class="stack-trace"><b>"org.openqa.selenium.TimeoutException: Expected condition failed: waiting for presence of element located by: By.linkText: Logout (tried for 10 second(s) with 500 milliseconds interval)
	at org.openqa.selenium.support.ui.WebDriverWait.timeoutException(WebDriverWait.java:113)
	at org.openqa.selenium.support.ui.FluentWait.until(FluentWait.java:283)
	at com.qa.openkart.utils.ElementUtil.waitForElementPresent(ElementUtil.java:186)
	at com.qa.openkart.utils.ElementUtil.doClick(ElementUtil.java:59)
	at com.qa.openkart.pages.RegesterationPage.registrationDataFillup(RegesterationPage.java:54)
	at com.qa.openkart.tests.RegistrationTest.verifyRegisteration(RegistrationTest.java:42)
Caused by: org.openqa.selenium.NoSuchElementException: Cannot locate an element using By.linkText: Logout
For documentation on this error, please visit: http://seleniumhq.org/exceptions/no_such_element.html
Build info: version: &apos;3.14.0&apos;, revision: &apos;aacccce0&apos;, time: &apos;2018-08-02T20:19:58.91Z&apos;
System info: host: &apos;DESKTOP-M5M51V1&apos;, ip: &apos;192.168.0.180&apos;, os.name: &apos;Windows 10&apos;, os.arch: &apos;amd64&apos;, os.version: &apos;10.0&apos;, java.version: &apos;16.0.1&apos;
Driver info: driver.version: unknown
	at org.openqa.selenium.support.ui.ExpectedConditions.lambda$findElement$0(ExpectedConditions.java:896)
	at java.base/java.util.Optional.orElseThrow(Optional.java:403)
	at org.openqa.selenium.support.ui.ExpectedConditions.findElement(ExpectedConditions.java:895)
	at org.openqa.selenium.support.ui.ExpectedConditions.access$000(ExpectedConditions.java:44)
	at org.openqa.selenium.support.ui.ExpectedConditions$6.apply(ExpectedConditions.java:183)
	at org.openqa.selenium.support.ui.ExpectedConditions$6.apply(ExpectedConditions.java:180)
	at org.openqa.selenium.support.ui.FluentWait.until(FluentWait.java:260)
	... 28 more
... Removed 24 stack frames<br/> org.openqa.selenium.TimeoutException: Expected condition failed: waiting for presence of element located by: By.linkText: Logout (tried for 10 second(s) with 500 milliseconds interval)
	at org.openqa.selenium.support.ui.WebDriverWait.timeoutException(WebDriverWait.java:113)
	at org.openqa.selenium.support.ui.FluentWait.until(FluentWait.java:283)
	at com.qa.openkart.utils.ElementUtil.waitForElementPresent(ElementUtil.java:186)
	at com.qa.openkart.utils.ElementUtil.doClick(ElementUtil.java:59)
	at com.qa.openkart.pages.RegesterationPage.registrationDataFillup(RegesterationPage.java:54)
	at com.qa.openkart.tests.RegistrationTest.verifyRegisteration(RegistrationTest.java:42)
	at java.base/jdk.internal.reflect.NativeMethodAccessorImpl.invoke0(Native Method)
	at java.base/jdk.internal.reflect.NativeMethodAccessorImpl.invoke(NativeMethodAccessorImpl.java:78)
	at java.base/jdk.internal.reflect.DelegatingMethodAccessorImpl.invoke(DelegatingMethodAccessorImpl.java:43)
	at java.base/java.lang.reflect.Method.invoke(Method.java:567)
	at org.testng.internal.MethodInvocationHelper.invokeMethod(MethodInvocationHelper.java:80)
	at org.testng.internal.Invoker.invokeMethod(Invoker.java:714)
	at org.testng.internal.Invoker.invokeTestMethod(Invoker.java:901)
	at org.testng.internal.Invoker.invokeTestMethods(Invoker.java:1231)
	at org.testng.internal.TestMethodWorker.invokeTestMethods(TestMethodWorker.java:127)
	at org.testng.internal.TestMethodWorker.run(TestMethodWorker.java:111)
	at org.testng.TestRunner.privateRun(TestRunner.java:767)
	at org.testng.TestRunner.run(TestRunner.java:617)
	at org.testng.SuiteRunner.runTest(SuiteRunner.java:334)
	at org.testng.SuiteRunner.runSequentially(SuiteRunner.java:329)
	at org.testng.SuiteRunner.privateRun(SuiteRunner.java:291)
	at org.testng.SuiteRunner.run(SuiteRunner.java:240)
	at org.testng.SuiteRunnerWorker.runSuite(SuiteRunnerWorker.java:52)
	at org.testng.SuiteRunnerWorker.run(SuiteRunnerWorker.java:86)
	at org.testng.TestNG.runSuitesSequentially(TestNG.java:1198)
	at org.testng.TestNG.runSuitesLocally(TestNG.java:1123)
	at org.testng.TestNG.run(TestNG.java:1031)
	at org.testng.remote.AbstractRemoteTestNG.run(AbstractRemoteTestNG.java:115)
	at org.testng.remote.RemoteTestNG.initAndRun(RemoteTestNG.java:251)
	at org.testng.remote.RemoteTestNG.main(RemoteTestNG.java:77)
Caused by: org.openqa.selenium.NoSuchElementException: Cannot locate an element using By.linkText: Logout
For documentation on this error, please visit: http://seleniumhq.org/exceptions/no_such_element.html
Build info: version: &apos;3.14.0&apos;, revision: &apos;aacccce0&apos;, time: &apos;2018-08-02T20:19:58.91Z&apos;
System info: host: &apos;DESKTOP-M5M51V1&apos;, ip: &apos;192.168.0.180&apos;, os.name: &apos;Windows 10&apos;, os.arch: &apos;amd64&apos;, os.version: &apos;10.0&apos;, java.version: &apos;16.0.1&apos;
Driver info: driver.version: unknown
	at org.openqa.selenium.support.ui.ExpectedConditions.lambda$findElement$0(ExpectedConditions.java:896)
	at java.base/java.util.Optional.orElseThrow(Optional.java:403)
	at org.openqa.selenium.support.ui.ExpectedConditions.findElement(ExpectedConditions.java:895)
	at org.openqa.selenium.support.ui.ExpectedConditions.access$000(ExpectedConditions.java:44)
	at org.openqa.selenium.support.ui.ExpectedConditions$6.apply(ExpectedConditions.java:183)
	at org.openqa.selenium.support.ui.ExpectedConditions$6.apply(ExpectedConditions.java:180)
	at org.openqa.selenium.support.ui.FluentWait.until(FluentWait.java:260)
	... 28 more
"</b><br>org.openqa.selenium.support.ui.WebDriverWait.timeoutException(WebDriverWait.java:113)<br>org.openqa.selenium.support.ui.FluentWait.until(FluentWait.java:283)<br>com.qa.openkart.utils.ElementUtil.waitForElementPresent(ElementUtil.java:186)<br>com.qa.openkart.utils.ElementUtil.doClick(ElementUtil.java:59)<br>com.qa.openkart.pages.RegesterationPage.registrationDataFillup(RegesterationPage.java:54)<br>com.qa.openkart.tests.RegistrationTest.verifyRegisteration(RegistrationTest.java:42)<br>java.base/jdk.internal.reflect.NativeMethodAccessorImpl.invoke0(Native Method)<br>java.base/jdk.internal.reflect.NativeMethodAccessorImpl.invoke(NativeMethodAccessorImpl.java:78)<br>java.base/jdk.internal.reflect.DelegatingMethodAccessorImpl.invoke(DelegatingMethodAccessorImpl.java:43)<br>java.base/java.lang.reflect.Method.invoke(Method.java:567)<br>org.testng.internal.MethodInvocationHelper.invokeMethod(MethodInvocationHelper.java:80)<br>org.testng.internal.Invoker.invokeMethod(Invoker.java:714)<br>org.testng.internal.Invoker.invokeTestMethod(Invoker.java:901)<br>org.testng.internal.Invoker.invokeTestMethods(Invoker.java:1231)<br>org.testng.internal.TestMethodWorker.invokeTestMethods(TestMethodWorker.java:127)<br>org.testng.internal.TestMethodWorker.run(TestMethodWorker.java:111)<br>org.testng.TestRunner.privateRun(TestRunner.java:767)<br>org.testng.TestRunner.run(TestRunner.java:617)<br>org.testng.SuiteRunner.runTest(SuiteRunner.java:334)<br>org.testng.SuiteRunner.runSequentially(SuiteRunner.java:329)<br>org.testng.SuiteRunner.privateRun(SuiteRunner.java:291)<br>org.testng.SuiteRunner.run(SuiteRunner.java:240)<br>org.testng.SuiteRunnerWorker.runSuite(SuiteRunnerWorker.java:52)<br>org.testng.SuiteRunnerWorker.run(SuiteRunnerWorker.java:86)<br>org.testng.TestNG.runSuitesSequentially(TestNG.java:1198)<br>org.testng.TestNG.runSuitesLocally(TestNG.java:1123)<br>org.testng.TestNG.run(TestNG.java:1031)<br>org.testng.remote.AbstractRemoteTestNG.run(AbstractRemoteTestNG.java:115)<br>org.testng.remote.RemoteTestNG.initAndRun(RemoteTestNG.java:251)<br>org.testng.remote.RemoteTestNG.main(RemoteTestNG.java:77)<br>
</div> <!-- stack-trace -->
                </div> <!-- method-content -->
              </div> <!-- method -->
            </div> <!-- main-panel-content rounded-window-bottom -->
          </div> <!-- suite-OPen_Kart_Test_Automation_Suite-class-failed -->
          <div class="suite-OPen_Kart_Test_Automation_Suite-class-passed">
            <div class="main-panel-header rounded-window-top">
              <img src="passed.png"/>
              <span class="class-name">com.qa.openkart.tests.HomePageTest</span>
            </div> <!-- main-panel-header rounded-window-top -->
            <div class="main-panel-content rounded-window-bottom">
              <div class="method">
                <div class="method-content">
                  <a name="HomePageVerification">
                  </a> <!-- HomePageVerification -->
                  <span class="method-name">HomePageVerification</span>
                </div> <!-- method-content -->
              </div> <!-- method -->
              <div class="method">
                <div class="method-content">
                  <a name="menuDataVerification">
                  </a> <!-- menuDataVerification -->
                  <span class="method-name">menuDataVerification</span>
                </div> <!-- method-content -->
              </div> <!-- method -->
              <div class="method">
                <div class="method-content">
                  <a name="multipleItemsVerficaiton">
                  </a> <!-- multipleItemsVerficaiton -->
                  <span class="method-name">multipleItemsVerficaiton</span>
                </div> <!-- method-content -->
              </div> <!-- method -->
              <div class="method">
                <div class="method-content">
                  <a name="searchMethodVerification">
                  </a> <!-- searchMethodVerification -->
                  <span class="method-name">searchMethodVerification</span>
                </div> <!-- method-content -->
              </div> <!-- method -->
            </div> <!-- main-panel-content rounded-window-bottom -->
          </div> <!-- suite-OPen_Kart_Test_Automation_Suite-class-passed -->
          <div class="suite-OPen_Kart_Test_Automation_Suite-class-passed">
            <div class="main-panel-header rounded-window-top">
              <img src="passed.png"/>
              <span class="class-name">com.qa.openkart.tests.ProductInfoTest</span>
            </div> <!-- main-panel-header rounded-window-top -->
            <div class="main-panel-content rounded-window-bottom">
              <div class="method">
                <div class="method-content">
                  <a name="verifyAddToCart">
                  </a> <!-- verifyAddToCart -->
                  <span class="method-name">verifyAddToCart</span>
                </div> <!-- method-content -->
              </div> <!-- method -->
              <div class="method">
                <div class="method-content">
                  <a name="verifyProductInfoTest">
                  </a> <!-- verifyProductInfoTest -->
                  <span class="method-name">verifyProductInfoTest</span>
                </div> <!-- method-content -->
              </div> <!-- method -->
            </div> <!-- main-panel-content rounded-window-bottom -->
          </div> <!-- suite-OPen_Kart_Test_Automation_Suite-class-passed -->
          <div class="suite-OPen_Kart_Test_Automation_Suite-class-passed">
            <div class="main-panel-header rounded-window-top">
              <img src="passed.png"/>
              <span class="class-name">com.qa.openkart.tests.CartTest</span>
            </div> <!-- main-panel-header rounded-window-top -->
            <div class="main-panel-content rounded-window-bottom">
              <div class="method">
                <div class="method-content">
                  <a name="verifyCartItemsNames">
                  </a> <!-- verifyCartItemsNames -->
                  <span class="method-name">verifyCartItemsNames</span>
                </div> <!-- method-content -->
              </div> <!-- method -->
              <div class="method">
                <div class="method-content">
                  <a name="verifyCartProductData">
                  </a> <!-- verifyCartProductData -->
                  <span class="method-name">verifyCartProductData</span>
                </div> <!-- method-content -->
              </div> <!-- method -->
              <div class="method">
                <div class="method-content">
                  <a name="verifyCuponCode">
                  </a> <!-- verifyCuponCode -->
                  <span class="method-name">verifyCuponCode</span>
                </div> <!-- method-content -->
              </div> <!-- method -->
              <div class="method">
                <div class="method-content">
                  <a name="verifyEstimateTaxes">
                  </a> <!-- verifyEstimateTaxes -->
                  <span class="method-name">verifyEstimateTaxes</span>
                </div> <!-- method-content -->
              </div> <!-- method -->
              <div class="method">
                <div class="method-content">
                  <a name="verifyGiftCertificate">
                  </a> <!-- verifyGiftCertificate -->
                  <span class="method-name">verifyGiftCertificate</span>
                </div> <!-- method-content -->
              </div> <!-- method -->
              <div class="method">
                <div class="method-content">
                  <a name="verifyItemsinCart">
                  </a> <!-- verifyItemsinCart -->
                  <span class="method-name">verifyItemsinCart</span>
                </div> <!-- method-content -->
              </div> <!-- method -->
            </div> <!-- main-panel-content rounded-window-bottom -->
          </div> <!-- suite-OPen_Kart_Test_Automation_Suite-class-passed -->
          <div class="suite-OPen_Kart_Test_Automation_Suite-class-passed">
            <div class="main-panel-header rounded-window-top">
              <img src="passed.png"/>
              <span class="class-name">com.qa.openkart.tests.LoginPageTest</span>
            </div> <!-- main-panel-header rounded-window-top -->
            <div class="main-panel-content rounded-window-bottom">
              <div class="method">
                <div class="method-content">
                  <a name="forgotpassButtonVerify">
                  </a> <!-- forgotpassButtonVerify -->
                  <span class="method-name">forgotpassButtonVerify</span>
                </div> <!-- method-content -->
              </div> <!-- method -->
              <div class="method">
                <div class="method-content">
                  <a name="loginpageTitleVerify">
                  </a> <!-- loginpageTitleVerify -->
                  <span class="method-name">loginpageTitleVerify</span>
                </div> <!-- method-content -->
              </div> <!-- method -->
            </div> <!-- main-panel-content rounded-window-bottom -->
          </div> <!-- suite-OPen_Kart_Test_Automation_Suite-class-passed -->
        </div> <!-- panel OPen_Kart_Test_Automation_Suite -->
        <div panel-name="test-xml-OPen_Kart_Test_Automation_Suite" class="panel">
          <div class="main-panel-header rounded-window-top">
            <span class="header-content">C:\Users\sachi\git\OpenKartProject\OpenKartFrameWorkPorject\src\test\resources\TestNg_SAnity.xml</span>
          </div> <!-- main-panel-header rounded-window-top -->
          <div class="main-panel-content rounded-window-bottom">
            <pre>
&lt;?xml version=&quot;1.0&quot; encoding=&quot;UTF-8&quot;?&gt;
&lt;!DOCTYPE suite SYSTEM &quot;http://testng.org/testng-1.0.dtd&quot;&gt;
&lt;suite parallel=&quot;none&quot; name=&quot;OPen Kart Test Automation Suite&quot;&gt;
  &lt;test name=&quot;Login Page Test&quot;&gt;
    &lt;classes&gt;
      &lt;class name=&quot;com.qa.openkart.tests.LoginPageTest&quot;/&gt;
    &lt;/classes&gt;
  &lt;/test&gt; &lt;!-- Login Page Test --&gt;
  &lt;test name=&quot;Registration Page Test&quot;&gt;
    &lt;classes&gt;
      &lt;class name=&quot;com.qa.openkart.tests.RegistrationTest&quot;/&gt;
    &lt;/classes&gt;
  &lt;/test&gt; &lt;!-- Registration Page Test --&gt;
  &lt;test name=&quot;Home Page Test&quot;&gt;
    &lt;classes&gt;
      &lt;class name=&quot;com.qa.openkart.tests.HomePageTest&quot;/&gt;
    &lt;/classes&gt;
  &lt;/test&gt; &lt;!-- Home Page Test --&gt;
  &lt;test name=&quot;Product INfo Test&quot;&gt;
    &lt;classes&gt;
      &lt;class name=&quot;com.qa.openkart.tests.ProductInfoTest&quot;/&gt;
    &lt;/classes&gt;
  &lt;/test&gt; &lt;!-- Product INfo Test --&gt;
  &lt;test name=&quot;Cart Page Test&quot;&gt;
    &lt;classes&gt;
      &lt;class name=&quot;com.qa.openkart.tests.CartTest&quot;/&gt;
    &lt;/classes&gt;
  &lt;/test&gt; &lt;!-- Cart Page Test --&gt;
&lt;/suite&gt; &lt;!-- OPen Kart Test Automation Suite --&gt;
            </pre>
          </div> <!-- main-panel-content rounded-window-bottom -->
        </div> <!-- panel -->
        <div panel-name="testlist-OPen_Kart_Test_Automation_Suite" class="panel">
          <div class="main-panel-header rounded-window-top">
            <span class="header-content">Tests for OPen Kart Test Automation Suite</span>
          </div> <!-- main-panel-header rounded-window-top -->
          <div class="main-panel-content rounded-window-bottom">
            <ul>
              <li>
                <span class="test-name">Login Page Test (1 class)</span>
              </li>
              <li>
                <span class="test-name">Registration Page Test (1 class)</span>
              </li>
              <li>
                <span class="test-name">Home Page Test (1 class)</span>
              </li>
              <li>
                <span class="test-name">Product INfo Test (1 class)</span>
              </li>
              <li>
                <span class="test-name">Cart Page Test (1 class)</span>
              </li>
            </ul>
          </div> <!-- main-panel-content rounded-window-bottom -->
        </div> <!-- panel -->
        <div panel-name="group-OPen_Kart_Test_Automation_Suite" class="panel">
          <div class="main-panel-header rounded-window-top">
            <span class="header-content">Groups for OPen Kart Test Automation Suite</span>
          </div> <!-- main-panel-header rounded-window-top -->
          <div class="main-panel-content rounded-window-bottom">
          </div> <!-- main-panel-content rounded-window-bottom -->
        </div> <!-- panel -->
        <div panel-name="times-OPen_Kart_Test_Automation_Suite" class="panel">
          <div class="main-panel-header rounded-window-top">
            <span class="header-content">Times for OPen Kart Test Automation Suite</span>
          </div> <!-- main-panel-header rounded-window-top -->
          <div class="main-panel-content rounded-window-bottom">
            <div class="times-div">
              <script type="text/javascript">
suiteTableInitFunctions.push('tableData_OPen_Kart_Test_Automation_Suite');
function tableData_OPen_Kart_Test_Automation_Suite() {
var data = new google.visualization.DataTable();
data.addColumn('number', 'Number');
data.addColumn('string', 'Method');
data.addColumn('string', 'Class');
data.addColumn('number', 'Time (ms)');
data.addRows(18);
data.setCell(0, 0, 0)
data.setCell(0, 1, 'verifyRegisteration')
data.setCell(0, 2, 'com.qa.openkart.tests.RegistrationTest')
data.setCell(0, 3, 14324);
data.setCell(1, 0, 1)
data.setCell(1, 1, 'verifyRegisteration')
data.setCell(1, 2, 'com.qa.openkart.tests.RegistrationTest')
data.setCell(1, 3, 12646);
data.setCell(2, 0, 2)
data.setCell(2, 1, 'verifyRegisteration')
data.setCell(2, 2, 'com.qa.openkart.tests.RegistrationTest')
data.setCell(2, 3, 11438);
data.setCell(3, 0, 3)
data.setCell(3, 1, 'verifyEstimateTaxes')
data.setCell(3, 2, 'com.qa.openkart.tests.CartTest')
data.setCell(3, 3, 8999);
data.setCell(4, 0, 4)
data.setCell(4, 1, 'verifyProductInfoTest')
data.setCell(4, 2, 'com.qa.openkart.tests.ProductInfoTest')
data.setCell(4, 3, 8665);
data.setCell(5, 0, 5)
data.setCell(5, 1, 'verifyAddToCart')
data.setCell(5, 2, 'com.qa.openkart.tests.ProductInfoTest')
data.setCell(5, 3, 3748);
data.setCell(6, 0, 6)
data.setCell(6, 1, 'verifyGiftCertificate')
data.setCell(6, 2, 'com.qa.openkart.tests.CartTest')
data.setCell(6, 3, 3232);
data.setCell(7, 0, 7)
data.setCell(7, 1, 'searchMethodVerification')
data.setCell(7, 2, 'com.qa.openkart.tests.HomePageTest')
data.setCell(7, 3, 2398);
data.setCell(8, 0, 8)
data.setCell(8, 1, 'forgotpassButtonVerify')
data.setCell(8, 2, 'com.qa.openkart.tests.LoginPageTest')
data.setCell(8, 3, 835);
data.setCell(9, 0, 9)
data.setCell(9, 1, 'verifyCuponCode')
data.setCell(9, 2, 'com.qa.openkart.tests.CartTest')
data.setCell(9, 3, 573);
data.setCell(10, 0, 10)
data.setCell(10, 1, 'verifyItemsinCart')
data.setCell(10, 2, 'com.qa.openkart.tests.CartTest')
data.setCell(10, 3, 406);
data.setCell(11, 0, 11)
data.setCell(11, 1, 'verifyCartProductData')
data.setCell(11, 2, 'com.qa.openkart.tests.CartTest')
data.setCell(11, 3, 291);
data.setCell(12, 0, 12)
data.setCell(12, 1, 'menuDataVerification')
data.setCell(12, 2, 'com.qa.openkart.tests.HomePageTest')
data.setCell(12, 3, 208);
data.setCell(13, 0, 13)
data.setCell(13, 1, 'multipleItemsVerficaiton')
data.setCell(13, 2, 'com.qa.openkart.tests.HomePageTest')
data.setCell(13, 3, 162);
data.setCell(14, 0, 14)
data.setCell(14, 1, 'itemsintheCart')
data.setCell(14, 2, 'com.qa.openkart.tests.HomePageTest')
data.setCell(14, 3, 112);
data.setCell(15, 0, 15)
data.setCell(15, 1, 'HomePageVerification')
data.setCell(15, 2, 'com.qa.openkart.tests.HomePageTest')
data.setCell(15, 3, 78);
data.setCell(16, 0, 16)
data.setCell(16, 1, 'verifyCartItemsNames')
data.setCell(16, 2, 'com.qa.openkart.tests.CartTest')
data.setCell(16, 3, 60);
data.setCell(17, 0, 17)
data.setCell(17, 1, 'loginpageTitleVerify')
data.setCell(17, 2, 'com.qa.openkart.tests.LoginPageTest')
data.setCell(17, 3, 57);
window.suiteTableData['OPen_Kart_Test_Automation_Suite']= { tableData: data, tableDiv: 'times-div-OPen_Kart_Test_Automation_Suite'}
return data;
}
              </script>
              <span class="suite-total-time">Total running time: 1 minutes</span>
              <div id="times-div-OPen_Kart_Test_Automation_Suite">
              </div> <!-- times-div-OPen_Kart_Test_Automation_Suite -->
            </div> <!-- times-div -->
          </div> <!-- main-panel-content rounded-window-bottom -->
        </div> <!-- panel -->
        <div panel-name="reporter-OPen_Kart_Test_Automation_Suite" class="panel">
          <div class="main-panel-header rounded-window-top">
            <span class="header-content">Reporter output for OPen Kart Test Automation Suite</span>
          </div> <!-- main-panel-header rounded-window-top -->
          <div class="main-panel-content rounded-window-bottom">
          </div> <!-- main-panel-content rounded-window-bottom -->
        </div> <!-- panel -->
        <div panel-name="ignored-methods-OPen_Kart_Test_Automation_Suite" class="panel">
          <div class="main-panel-header rounded-window-top">
            <span class="header-content">1 ignored method</span>
          </div> <!-- main-panel-header rounded-window-top -->
          <div class="main-panel-content rounded-window-bottom">
            <div class="ignored-class-div">
              <span class="ignored-class-name">com.qa.openkart.tests.LoginPageTest</span>
              <div class="ignored-methods-div">
                <span class="ignored-method-name">doLogin</span>
                <br/>
              </div> <!-- ignored-methods-div -->
            </div> <!-- ignored-class-div -->
          </div> <!-- main-panel-content rounded-window-bottom -->
        </div> <!-- panel -->
        <div panel-name="chronological-OPen_Kart_Test_Automation_Suite" class="panel">
          <div class="main-panel-header rounded-window-top">
            <span class="header-content">Methods in chronological order</span>
          </div> <!-- main-panel-header rounded-window-top -->
          <div class="main-panel-content rounded-window-bottom">
            <div class="chronological-class">
              <div class="chronological-class-name">com.qa.openkart.tests.LoginPageTest</div> <!-- chronological-class-name -->
              <div class="configuration-test before">
                <span class="method-name">setUP</span>
                <span class="method-start">0 ms</span>
              </div> <!-- configuration-test before -->
              <div class="test-method">
                <span class="method-name">forgotpassButtonVerify</span>
                <span class="method-start">14669 ms</span>
              </div> <!-- test-method -->
              <div class="test-method">
                <span class="method-name">loginpageTitleVerify</span>
                <span class="method-start">15507 ms</span>
              </div> <!-- test-method -->
              <div class="configuration-test after">
                <span class="method-name">tearDown</span>
                <span class="method-start">15567 ms</span>
              </div> <!-- configuration-test after -->
            </div> <!-- chronological-class -->
            <div class="chronological-class">
              <div class="chronological-class-name">com.qa.openkart.tests.RegistrationTest</div> <!-- chronological-class-name -->
              <div class="configuration-test before">
                <span class="method-name">setUP</span>
                <span class="method-start">21637 ms</span>
              </div> <!-- configuration-test before -->
              <div class="configuration-class before">
                <span class="method-name">registerPageOpen</span>
                <span class="method-start">30848 ms</span>
              </div> <!-- configuration-class before -->
              <div class="test-method">
                <img src="failed.png">
                </img>
                <span class="method-name">verifyRegisteration(Sachint, Pawart, sachinf@gamil.com, 6.545666548E9, selenium#123, yes)</span>
                <span class="method-start">42519 ms</span>
              </div> <!-- test-method -->
              <div class="test-method">
                <img src="failed.png">
                </img>
                <span class="method-name">verifyRegisteration(SAchinJ, Patd, dsfaas@dummy.com, 6.545666548E9, selenium#123, yes)</span>
                <span class="method-start">56848 ms</span>
              </div> <!-- test-method -->
              <div class="test-method">
                <img src="failed.png">
                </img>
                <span class="method-name">verifyRegisteration(SachinP, Psdft, dsfaf@dummy.com, 6.545666548E9, selenium#123, yes)</span>
                <span class="method-start">69497 ms</span>
              </div> <!-- test-method -->
              <div class="configuration-test after">
                <span class="method-name">tearDown</span>
                <span class="method-start">80939 ms</span>
              </div> <!-- configuration-test after -->
            </div> <!-- chronological-class -->
            <div class="chronological-class">
              <div class="chronological-class-name">com.qa.openkart.tests.HomePageTest</div> <!-- chronological-class-name -->
              <div class="configuration-test before">
                <span class="method-name">setUP</span>
                <span class="method-start">82110 ms</span>
              </div> <!-- configuration-test before -->
              <div class="configuration-class before">
                <span class="method-name">HomePageSetup</span>
                <span class="method-start">92850 ms</span>
              </div> <!-- configuration-class before -->
              <div class="test-method">
                <span class="method-name">HomePageVerification</span>
                <span class="method-start">95914 ms</span>
              </div> <!-- test-method -->
              <div class="test-method">
                <img src="failed.png">
                </img>
                <span class="method-name">itemsintheCart</span>
                <span class="method-start">95994 ms</span>
              </div> <!-- test-method -->
              <div class="test-method">
                <span class="method-name">menuDataVerification</span>
                <span class="method-start">96108 ms</span>
              </div> <!-- test-method -->
              <div class="test-method">
                <span class="method-name">multipleItemsVerficaiton</span>
                <span class="method-start">96317 ms</span>
              </div> <!-- test-method -->
              <div class="test-method">
                <span class="method-name">searchMethodVerification</span>
                <span class="method-start">96480 ms</span>
              </div> <!-- test-method -->
              <div class="configuration-test after">
                <span class="method-name">tearDown</span>
                <span class="method-start">98879 ms</span>
              </div> <!-- configuration-test after -->
            </div> <!-- chronological-class -->
            <div class="chronological-class">
              <div class="chronological-class-name">com.qa.openkart.tests.ProductInfoTest</div> <!-- chronological-class-name -->
              <div class="configuration-test before">
                <span class="method-name">setUP</span>
                <span class="method-start">99614 ms</span>
              </div> <!-- configuration-test before -->
              <div class="configuration-class before">
                <span class="method-name">porductInfoSetup</span>
                <span class="method-start">107763 ms</span>
              </div> <!-- configuration-class before -->
              <div class="test-method">
                <span class="method-name">verifyProductInfoTest</span>
                <span class="method-start">110973 ms</span>
              </div> <!-- test-method -->
              <div class="test-method">
                <span class="method-name">verifyAddToCart</span>
                <span class="method-start">119642 ms</span>
              </div> <!-- test-method -->
              <div class="configuration-test after">
                <span class="method-name">tearDown</span>
                <span class="method-start">123391 ms</span>
              </div> <!-- configuration-test after -->
            </div> <!-- chronological-class -->
            <div class="chronological-class">
              <div class="chronological-class-name">com.qa.openkart.tests.CartTest</div> <!-- chronological-class-name -->
              <div class="configuration-test before">
                <span class="method-name">setUP</span>
                <span class="method-start">124541 ms</span>
              </div> <!-- configuration-test before -->
              <div class="configuration-class before">
                <span class="method-name">landingonCartTest</span>
                <span class="method-start">130415 ms</span>
              </div> <!-- configuration-class before -->
              <div class="test-method">
                <span class="method-name">verifyItemsinCart</span>
                <span class="method-start">135168 ms</span>
              </div> <!-- test-method -->
              <div class="test-method">
                <span class="method-name">verifyCartItemsNames</span>
                <span class="method-start">135577 ms</span>
              </div> <!-- test-method -->
              <div class="test-method">
                <span class="method-name">verifyCartProductData</span>
                <span class="method-start">135638 ms</span>
              </div> <!-- test-method -->
              <div class="test-method">
                <span class="method-name">verifyCuponCode</span>
                <span class="method-start">135930 ms</span>
              </div> <!-- test-method -->
              <div class="test-method">
                <span class="method-name">verifyEstimateTaxes</span>
                <span class="method-start">136510 ms</span>
              </div> <!-- test-method -->
              <div class="test-method">
                <span class="method-name">verifyGiftCertificate</span>
                <span class="method-start">145509 ms</span>
              </div> <!-- test-method -->
              <div class="configuration-test after">
                <span class="method-name">tearDown</span>
                <span class="method-start">148742 ms</span>
              </div> <!-- configuration-test after -->
          </div> <!-- main-panel-content rounded-window-bottom -->
        </div> <!-- panel -->
      </div> <!-- main-panel-root -->
    </div> <!-- wrapper -->
  </body>
</html>
